youtube 내 옆자리 남자 Done Thu May 14 23:08:05 2020
twitch 녹두로 Done Thu May 14 23:08:06 2020
twitch 니네언니 Done Thu May 14 23:08:06 2020
twitch 따효니 Done Thu May 14 23:08:07 2020
youtube 런업 Done Thu May 14 23:08:09 2020
twitch 림고수 Done Thu May 14 23:08:10 2020
youtube 맛있는 녀석들 Done Thu May 14 23:08:12 2020
youtube 미미미누 Done Thu May 14 23:08:15 2020
twitch 박김례 Done Thu May 14 23:08:15 2020
twitch 백설양 Done Thu May 14 23:08:16 2020
youtube 부동산 읽어주는 남자 Done Thu May 14 23:08:17 2020
twitch 서새봄냥 Done Thu May 14 23:08:18 2020
twitch 서유리 Done Thu May 14 23:08:18 2020
twitch 소풍왔니 Done Thu May 14 23:08:19 2020
youtube 수리노을 Done Thu May 14 23:08:21 2020
twitch 순이 Done Thu May 14 23:08:21 2020
youtube 슈카월드 Done Thu May 14 23:08:23 2020
twitch 승우아빠 Done Thu May 14 23:08:24 2020
youtube 알간지Alganzi Done Thu May 14 23:08:26 2020
twitch 얍얍 Done Thu May 14 23:08:27 2020
twitch 오킹 Done Thu May 14 23:08:27 2020
twitch 우왁굳 Done Thu May 14 23:08:28 2020
youtube 입짧은햇님 Done Thu May 14 23:08:29 2020
twitch 자동 Done Thu May 14 23:08:29 2020
twitch 침착맨 Done Thu May 14 23:08:30 2020
twitch 페이커 Done Thu May 14 23:08:30 2020
twitch 포셔 Done Thu May 14 23:08:31 2020
twitch 풍월량 Done Thu May 14 23:08:31 2020
twitch 플러리 Done Thu May 14 23:08:31 2020
twitch 한국프로야구1 Done Thu May 14 23:08:32 2020
twitch 한국프로야구2 Done Thu May 14 23:08:32 2020
twitch 한국프로야구3 Done Thu May 14 23:08:32 2020
twitch 한국프로야구4 Done Thu May 14 23:08:33 2020
twitch 한국프로야구5 Done Thu May 14 23:08:33 2020
twitch 한동숙 Done Thu May 14 23:08:34 2020
afreecatv 해물파전tv Done Thu May 14 23:08:34 2020
youtube 요가소년 Done Thu May 14 23:08:37 2020
youtube Cafe Music BGM Channel Done Thu May 14 23:08:40 2020
youtube 대도서관 Done Thu May 14 23:08:42 2020
youtube 공부하는봄이 Done Thu May 14 23:08:43 2020
youtube 김밀란 Done Thu May 14 23:08:45 2020
youtube 크집사 Done Thu May 14 23:08:47 2020
youtube 시바견 곰이탱이여우 Done Thu May 14 23:08:49 2020
youtube 놀면뭐하니 Done Thu May 14 23:08:52 2020
youtube 창현거리노래방 Done Thu May 14 23:08:54 2020
youtube Arirang은 고양이들내가 주인 Done Thu May 14 23:08:56 2020
youtube HONG SOUND Done Thu May 14 23:08:58 2020
youtube Larva TUBA Done Thu May 14 23:09:01 2020
youtube 뽀로로 Done Thu May 14 23:09:03 2020
youtube xtn Done Thu May 14 23:09:05 2020
youtube SBS KPOP CLASSIC Done Thu May 14 23:09:06 2020
youtube MBCNEWS Done Thu May 14 23:09:09 2020
youtube KBSNEWS Done Thu May 14 23:09:12 2020
youtube 한국경제TV Done Thu May 14 23:09:15 2020
youtube OCN Done Thu May 14 23:09:17 2020
youtube KFATV_한국축구의 모든 것 Done Thu May 14 23:09:19 2020
youtube 냥이아빠 Done Thu May 14 23:09:22 2020
youtube 돌비공포라디오 Done Thu May 14 23:09:24 2020
youtube 산적TV 밥굽남 Done Thu May 14 23:09:26 2020
youtube 잡솨 Error list index out of range
youtube tvN Done Thu May 14 23:09:31 2020
vlive 엘리스 Error Message: 'chromedriver_linux64' executable needs to be in PATH. Please see https://sites.google.com/a/chromium.org/chromedriver/home

vlive FENT Error Message: 'chromedriver_linux64' executable needs to be in PATH. Please see https://sites.google.com/a/chromium.org/chromedriver/home

vlive BTS Error Message: 'chromedriver_linux64' executable needs to be in PATH. Please see https://sites.google.com/a/chromium.org/chromedriver/home

vlive EXO Error Message: 'chromedriver_linux64' executable needs to be in PATH. Please see https://sites.google.com/a/chromium.org/chromedriver/home

vlive TWICE Error Message: 'chromedriver_linux64' executable needs to be in PATH. Please see https://sites.google.com/a/chromium.org/chromedriver/home

vlive fromis_9 Error Message: 'chromedriver_linux64' executable needs to be in PATH. Please see https://sites.google.com/a/chromium.org/chromedriver/home

Total :  87.63841724395752
